# JRE version: OpenJDK Runtime Environment (8.0_312-b07) (build 1.8.0_312-b07)
# Java VM: OpenJDK 64-Bit Server VM (25.312-b07 mixed mode windows-amd64 compressed oops)
Heap:
 PSYoungGen      total 124416K, used 18291K [0x00000000edf80000, 0x00000000f6180000, 0x0000000100000000)
  eden space 116736K, 9% used [0x00000000edf80000,0x00000000ee9e1960,0x00000000f5180000)
  from space 7680K, 99% used [0x00000000f5a00000,0x00000000f617b450,0x00000000f6180000)
  to   space 8192K, 0% used [0x00000000f5180000,0x00000000f5180000,0x00000000f5980000)
 ParOldGen       total 38400K, used 20332K [0x00000000c9e00000, 0x00000000cc380000, 0x00000000edf80000)
  object space 38400K, 52% used [0x00000000c9e00000,0x00000000cb1db1b0,0x00000000cc380000)
 Metaspace       used 48233K, capacity 50948K, committed 51200K, reserved 1093632K
  class space    used 6621K, capacity 7115K, committed 7168K, reserved 1048576K
GC Heap History (10 events):
Event: 9.716 GC heap before
{Heap before GC invocations=10 (full 1):
 PSYoungGen      total 124416K, used 116736K [0x00000000edf80000, 0x00000000f6180000, 0x0000000100000000)
  eden space 116736K, 100% used [0x00000000edf80000,0x00000000f5180000,0x00000000f5180000)
  from space 7680K, 0% used [0x00000000f5a00000,0x00000000f5a00000,0x00000000f6180000)
  to   space 8192K, 0% used [0x00000000f5180000,0x00000000f5180000,0x00000000f5980000)
 ParOldGen       total 27136K, used 6215K [0x00000000c9e00000, 0x00000000cb880000, 0x00000000edf80000)
  object space 27136K, 22% used [0x00000000c9e00000,0x00000000ca411ed8,0x00000000cb880000)
 Metaspace       used 28320K, capacity 30326K, committed 30464K, reserved 1075200K
  class space    used 3670K, capacity 4038K, committed 4096K, reserved 1048576K
Event: 9.774 GC heap after
Heap after GC invocations=10 (full 1):
 PSYoungGen      total 124928K, used 8174K [0x00000000edf80000, 0x00000000f6180000, 0x0000000100000000)
  eden space 116736K, 0% used [0x00000000edf80000,0x00000000edf80000,0x00000000f5180000)
  from space 8192K, 99% used [0x00000000f5180000,0x00000000f597bb50,0x00000000f5980000)
  to   space 7680K, 0% used [0x00000000f5a00000,0x00000000f5a00000,0x00000000f6180000)
 ParOldGen       total 27136K, used 9521K [0x00000000c9e00000, 0x00000000cb880000, 0x00000000edf80000)
  object space 27136K, 35% used [0x00000000c9e00000,0x00000000ca74c4a8,0x00000000cb880000)
 Metaspace       used 28320K, capacity 30326K, committed 30464K, reserved 1075200K
  class space    used 3670K, capacity 4038K, committed 4096K, reserved 1048576K
}
Event: 12.810 GC heap before
{Heap before GC invocations=11 (full 1):
 PSYoungGen      total 124928K, used 124910K [0x00000000edf80000, 0x00000000f6180000, 0x0000000100000000)
  eden space 116736K, 100% used [0x00000000edf80000,0x00000000f5180000,0x00000000f5180000)
  from space 8192K, 99% used [0x00000000f5180000,0x00000000f597bb50,0x00000000f5980000)
  to   space 7680K, 0% used [0x00000000f5a00000,0x00000000f5a00000,0x00000000f6180000)
 ParOldGen       total 27136K, used 9521K [0x00000000c9e00000, 0x00000000cb880000, 0x00000000edf80000)
  object space 27136K, 35% used [0x00000000c9e00000,0x00000000ca74c4a8,0x00000000cb880000)
 Metaspace       used 31937K, capacity 34156K, committed 34304K, reserved 1079296K
  class space    used 4145K, capacity 4517K, committed 4608K, reserved 1048576K
Event: 12.867 GC heap after
Heap after GC invocations=11 (full 1):
 PSYoungGen      total 124416K, used 7654K [0x00000000edf80000, 0x00000000f6180000, 0x0000000100000000)
  eden space 116736K, 0% used [0x00000000edf80000,0x00000000edf80000,0x00000000f5180000)
  from space 7680K, 99% used [0x00000000f5a00000,0x00000000f61799b8,0x00000000f6180000)
  to   space 8192K, 0% used [0x00000000f5180000,0x00000000f5180000,0x00000000f5980000)
 ParOldGen       total 27136K, used 10867K [0x00000000c9e00000, 0x00000000cb880000, 0x00000000edf80000)
  object space 27136K, 40% used [0x00000000c9e00000,0x00000000ca89cd38,0x00000000cb880000)
 Metaspace       used 31937K, capacity 34156K, committed 34304K, reserved 1079296K
  class space    used 4145K, capacity 4517K, committed 4608K, reserved 1048576K
}
Event: 13.343 GC heap before
{Heap before GC invocations=12 (full 1):
 PSYoungGen      total 124416K, used 21544K [0x00000000edf80000, 0x00000000f6180000, 0x0000000100000000)
  eden space 116736K, 11% used [0x00000000edf80000,0x00000000eed108b0,0x00000000f5180000)
  from space 7680K, 99% used [0x00000000f5a00000,0x00000000f61799b8,0x00000000f6180000)
  to   space 8192K, 0% used [0x00000000f5180000,0x00000000f5180000,0x00000000f5980000)
 ParOldGen       total 27136K, used 10867K [0x00000000c9e00000, 0x00000000cb880000, 0x00000000edf80000)
  object space 27136K, 40% used [0x00000000c9e00000,0x00000000ca89cd38,0x00000000cb880000)
 Metaspace       used 33161K, capacity 35362K, committed 35456K, reserved 1079296K
  class space    used 4317K, capacity 4682K, committed 4736K, reserved 1048576K
Event: 13.358 GC heap after
Heap after GC invocations=12 (full 1):
 PSYoungGen      total 124928K, used 1355K [0x00000000edf80000, 0x00000000f6180000, 0x0000000100000000)
  eden space 116736K, 0% used [0x00000000edf80000,0x00000000edf80000,0x00000000f5180000)
  from space 8192K, 16% used [0x00000000f5180000,0x00000000f52d2cf0,0x00000000f5980000)
  to   space 7680K, 0% used [0x00000000f5a00000,0x00000000f5a00000,0x00000000f6180000)
 ParOldGen       total 27136K, used 17268K [0x00000000c9e00000, 0x00000000cb880000, 0x00000000edf80000)
  object space 27136K, 63% used [0x00000000c9e00000,0x00000000caedd0f8,0x00000000cb880000)
 Metaspace       used 33161K, capacity 35362K, committed 35456K, reserved 1079296K
  class space    used 4317K, capacity 4682K, committed 4736K, reserved 1048576K
}
Event: 13.359 GC heap before
{Heap before GC invocations=13 (full 2):
 PSYoungGen      total 124928K, used 1355K [0x00000000edf80000, 0x00000000f6180000, 0x0000000100000000)
  eden space 116736K, 0% used [0x00000000edf80000,0x00000000edf80000,0x00000000f5180000)
  from space 8192K, 16% used [0x00000000f5180000,0x00000000f52d2cf0,0x00000000f5980000)
  to   space 7680K, 0% used [0x00000000f5a00000,0x00000000f5a00000,0x00000000f6180000)
 ParOldGen       total 27136K, used 17268K [0x00000000c9e00000, 0x00000000cb880000, 0x00000000edf80000)
  object space 27136K, 63% used [0x00000000c9e00000,0x00000000caedd0f8,0x00000000cb880000)
 Metaspace       used 33161K, capacity 35362K, committed 35456K, reserved 1079296K
  class space    used 4317K, capacity 4682K, committed 4736K, reserved 1048576K
Event: 13.459 GC heap after
Heap after GC invocations=13 (full 2):
 PSYoungGen      total 124928K, used 0K [0x00000000edf80000, 0x00000000f6180000, 0x0000000100000000)
  eden space 116736K, 0% used [0x00000000edf80000,0x00000000edf80000,0x00000000f5180000)
  from space 8192K, 0% used [0x00000000f5180000,0x00000000f5180000,0x00000000f5980000)
  to   space 7680K, 0% used [0x00000000f5a00000,0x00000000f5a00000,0x00000000f6180000)
 ParOldGen       total 38400K, used 12243K [0x00000000c9e00000, 0x00000000cc380000, 0x00000000edf80000)
  object space 38400K, 31% used [0x00000000c9e00000,0x00000000ca9f4df8,0x00000000cc380000)
 Metaspace       used 33161K, capacity 35362K, committed 35456K, reserved 1079296K
  class space    used 4317K, capacity 4682K, committed 4736K, reserved 1048576K
}
Event: 17.308 GC heap before
{Heap before GC invocations=14 (full 2):
 PSYoungGen      total 124928K, used 116736K [0x00000000edf80000, 0x00000000f6180000, 0x0000000100000000)
  eden space 116736K, 100% used [0x00000000edf80000,0x00000000f5180000,0x00000000f5180000)
  from space 8192K, 0% used [0x00000000f5180000,0x00000000f5180000,0x00000000f5980000)
  to   space 7680K, 0% used [0x00000000f5a00000,0x00000000f5a00000,0x00000000f6180000)
 ParOldGen       total 38400K, used 12243K [0x00000000c9e00000, 0x00000000cc380000, 0x00000000edf80000)
  object space 38400K, 31% used [0x00000000c9e00000,0x00000000ca9f4df8,0x00000000cc380000)
 Metaspace       used 47359K, capacity 50000K, committed 50304K, reserved 1093632K
  class space    used 6517K, capacity 6975K, committed 7040K, reserved 1048576K
Event: 17.394 GC heap after
Heap after GC invocations=14 (full 2):
 PSYoungGen      total 124416K, used 7661K [0x00000000edf80000, 0x00000000f6180000, 0x0000000100000000)
  eden space 116736K, 0% used [0x00000000edf80000,0x00000000edf80000,0x00000000f5180000)
  from space 7680K, 99% used [0x00000000f5a00000,0x00000000f617b450,0x00000000f6180000)
  to   space 8192K, 0% used [0x00000000f5180000,0x00000000f5180000,0x00000000f5980000)
 ParOldGen       total 38400K, used 20332K [0x00000000c9e00000, 0x00000000cc380000, 0x00000000edf80000)
  object space 38400K, 52% used [0x00000000c9e00000,0x00000000cb1db1b0,0x00000000cc380000)
 Metaspace       used 47359K, capacity 50000K, committed 50304K, reserved 1093632K
  class space    used 6517K, capacity 6975K, committed 7040K, reserved 1048576K
}

