# JRE version: OpenJDK Runtime Environment (8.0_312-b07) (build 1.8.0_312-b07)
# Java VM: OpenJDK 64-Bit Server VM (25.312-b07 mixed mode windows-amd64 compressed oops)
Heap:
 PSYoungGen      total 124928K, used 103611K [0x00000000edf80000, 0x00000000fa680000, 0x0000000100000000)
  eden space 116736K, 81% used [0x00000000edf80000,0x00000000f3cb5470,0x00000000f5180000)
  from space 8192K, 99% used [0x00000000f5180000,0x00000000f59799f8,0x00000000f5980000)
  to   space 10752K, 0% used [0x00000000f9c00000,0x00000000f9c00000,0x00000000fa680000)
 ParOldGen       total 26112K, used 9839K [0x00000000c9e00000, 0x00000000cb780000, 0x00000000edf80000)
  object space 26112K, 37% used [0x00000000c9e00000,0x00000000ca79bf18,0x00000000cb780000)
 Metaspace       used 29982K, capacity 32180K, committed 32512K, reserved 1079296K
  class space    used 3872K, capacity 4233K, committed 4352K, reserved 1048576K
GC Heap History (10 events):
Event: 6.785 GC heap before
{Heap before GC invocations=6 (full 0):
 PSYoungGen      total 31744K, used 31735K [0x00000000edf80000, 0x00000000f2280000, 0x0000000100000000)
  eden space 29696K, 100% used [0x00000000edf80000,0x00000000efc80000,0x00000000efc80000)
  from space 2048K, 99% used [0x00000000efc80000,0x00000000efe7dcd8,0x00000000efe80000)
  to   space 4608K, 0% used [0x00000000f1e00000,0x00000000f1e00000,0x00000000f2280000)
 ParOldGen       total 38400K, used 3775K [0x00000000c9e00000, 0x00000000cc380000, 0x00000000edf80000)
  object space 38400K, 9% used [0x00000000c9e00000,0x00000000ca1afe10,0x00000000cc380000)
 Metaspace       used 13892K, capacity 14566K, committed 14720K, reserved 1062912K
  class space    used 1719K, capacity 1870K, committed 1920K, reserved 1048576K
Event: 6.796 GC heap after
Heap after GC invocations=6 (full 0):
 PSYoungGen      total 62976K, used 4600K [0x00000000edf80000, 0x00000000f2480000, 0x0000000100000000)
  eden space 58368K, 0% used [0x00000000edf80000,0x00000000edf80000,0x00000000f1880000)
  from space 4608K, 99% used [0x00000000f1e00000,0x00000000f227e0b8,0x00000000f2280000)
  to   space 5632K, 0% used [0x00000000f1880000,0x00000000f1880000,0x00000000f1e00000)
 ParOldGen       total 38400K, used 4382K [0x00000000c9e00000, 0x00000000cc380000, 0x00000000edf80000)
  object space 38400K, 11% used [0x00000000c9e00000,0x00000000ca2478e8,0x00000000cc380000)
 Metaspace       used 13892K, capacity 14566K, committed 14720K, reserved 1062912K
  class space    used 1719K, capacity 1870K, committed 1920K, reserved 1048576K
}
Event: 10.184 GC heap before
{Heap before GC invocations=7 (full 0):
 PSYoungGen      total 62976K, used 62968K [0x00000000edf80000, 0x00000000f2480000, 0x0000000100000000)
  eden space 58368K, 100% used [0x00000000edf80000,0x00000000f1880000,0x00000000f1880000)
  from space 4608K, 99% used [0x00000000f1e00000,0x00000000f227e0b8,0x00000000f2280000)
  to   space 5632K, 0% used [0x00000000f1880000,0x00000000f1880000,0x00000000f1e00000)
 ParOldGen       total 38400K, used 4382K [0x00000000c9e00000, 0x00000000cc380000, 0x00000000edf80000)
  object space 38400K, 11% used [0x00000000c9e00000,0x00000000ca2478e8,0x00000000cc380000)
 Metaspace       used 19733K, capacity 20630K, committed 20864K, reserved 1067008K
  class space    used 2458K, capacity 2670K, committed 2688K, reserved 1048576K
Event: 10.234 GC heap after
Heap after GC invocations=7 (full 0):
 PSYoungGen      total 64000K, used 5624K [0x00000000edf80000, 0x00000000f6280000, 0x0000000100000000)
  eden space 58368K, 0% used [0x00000000edf80000,0x00000000edf80000,0x00000000f1880000)
  from space 5632K, 99% used [0x00000000f1880000,0x00000000f1dfe1a0,0x00000000f1e00000)
  to   space 8704K, 0% used [0x00000000f5a00000,0x00000000f5a00000,0x00000000f6280000)
 ParOldGen       total 38400K, used 8550K [0x00000000c9e00000, 0x00000000cc380000, 0x00000000edf80000)
  object space 38400K, 22% used [0x00000000c9e00000,0x00000000ca659830,0x00000000cc380000)
 Metaspace       used 19733K, capacity 20630K, committed 20864K, reserved 1067008K
  class space    used 2458K, capacity 2670K, committed 2688K, reserved 1048576K
}
Event: 10.853 GC heap before
{Heap before GC invocations=8 (full 0):
 PSYoungGen      total 64000K, used 48867K [0x00000000edf80000, 0x00000000f6280000, 0x0000000100000000)
  eden space 58368K, 74% used [0x00000000edf80000,0x00000000f09baad8,0x00000000f1880000)
  from space 5632K, 99% used [0x00000000f1880000,0x00000000f1dfe1a0,0x00000000f1e00000)
  to   space 8704K, 0% used [0x00000000f5a00000,0x00000000f5a00000,0x00000000f6280000)
 ParOldGen       total 38400K, used 8550K [0x00000000c9e00000, 0x00000000cc380000, 0x00000000edf80000)
  object space 38400K, 22% used [0x00000000c9e00000,0x00000000ca659830,0x00000000cc380000)
 Metaspace       used 20324K, capacity 21188K, committed 21296K, reserved 1069056K
  class space    used 2523K, capacity 2747K, committed 2816K, reserved 1048576K
Event: 10.867 GC heap after
Heap after GC invocations=8 (full 0):
 PSYoungGen      total 124416K, used 4195K [0x00000000edf80000, 0x00000000f6180000, 0x0000000100000000)
  eden space 116736K, 0% used [0x00000000edf80000,0x00000000edf80000,0x00000000f5180000)
  from space 7680K, 54% used [0x00000000f5a00000,0x00000000f5e18ca8,0x00000000f6180000)
  to   space 8192K, 0% used [0x00000000f5180000,0x00000000f5180000,0x00000000f5980000)
 ParOldGen       total 38400K, used 8558K [0x00000000c9e00000, 0x00000000cc380000, 0x00000000edf80000)
  object space 38400K, 22% used [0x00000000c9e00000,0x00000000ca65b830,0x00000000cc380000)
 Metaspace       used 20324K, capacity 21188K, committed 21296K, reserved 1069056K
  class space    used 2523K, capacity 2747K, committed 2816K, reserved 1048576K
}
Event: 10.867 GC heap before
{Heap before GC invocations=9 (full 1):
 PSYoungGen      total 124416K, used 4195K [0x00000000edf80000, 0x00000000f6180000, 0x0000000100000000)
  eden space 116736K, 0% used [0x00000000edf80000,0x00000000edf80000,0x00000000f5180000)
  from space 7680K, 54% used [0x00000000f5a00000,0x00000000f5e18ca8,0x00000000f6180000)
  to   space 8192K, 0% used [0x00000000f5180000,0x00000000f5180000,0x00000000f5980000)
 ParOldGen       total 38400K, used 8558K [0x00000000c9e00000, 0x00000000cc380000, 0x00000000edf80000)
  object space 38400K, 22% used [0x00000000c9e00000,0x00000000ca65b830,0x00000000cc380000)
 Metaspace       used 20324K, capacity 21188K, committed 21296K, reserved 1069056K
  class space    used 2523K, capacity 2747K, committed 2816K, reserved 1048576K
Event: 10.942 GC heap after
Heap after GC invocations=9 (full 1):
 PSYoungGen      total 124416K, used 0K [0x00000000edf80000, 0x00000000f6180000, 0x0000000100000000)
  eden space 116736K, 0% used [0x00000000edf80000,0x00000000edf80000,0x00000000f5180000)
  from space 7680K, 0% used [0x00000000f5a00000,0x00000000f5a00000,0x00000000f6180000)
  to   space 8192K, 0% used [0x00000000f5180000,0x00000000f5180000,0x00000000f5980000)
 ParOldGen       total 26112K, used 6234K [0x00000000c9e00000, 0x00000000cb780000, 0x00000000edf80000)
  object space 26112K, 23% used [0x00000000c9e00000,0x00000000ca416900,0x00000000cb780000)
 Metaspace       used 20324K, capacity 21188K, committed 21296K, reserved 1069056K
  class space    used 2523K, capacity 2747K, committed 2816K, reserved 1048576K
}
Event: 18.613 GC heap before
{Heap before GC invocations=10 (full 1):
 PSYoungGen      total 124416K, used 116736K [0x00000000edf80000, 0x00000000f6180000, 0x0000000100000000)
  eden space 116736K, 100% used [0x00000000edf80000,0x00000000f5180000,0x00000000f5180000)
  from space 7680K, 0% used [0x00000000f5a00000,0x00000000f5a00000,0x00000000f6180000)
  to   space 8192K, 0% used [0x00000000f5180000,0x00000000f5180000,0x00000000f5980000)
 ParOldGen       total 26112K, used 6234K [0x00000000c9e00000, 0x00000000cb780000, 0x00000000edf80000)
  object space 26112K, 23% used [0x00000000c9e00000,0x00000000ca416900,0x00000000cb780000)
 Metaspace       used 28485K, capacity 30546K, committed 30720K, reserved 1075200K
  class space    used 3687K, capacity 4070K, committed 4096K, reserved 1048576K
Event: 18.651 GC heap after
Heap after GC invocations=10 (full 1):
 PSYoungGen      total 124928K, used 8166K [0x00000000edf80000, 0x00000000fa680000, 0x0000000100000000)
  eden space 116736K, 0% used [0x00000000edf80000,0x00000000edf80000,0x00000000f5180000)
  from space 8192K, 99% used [0x00000000f5180000,0x00000000f59799f8,0x00000000f5980000)
  to   space 10752K, 0% used [0x00000000f9c00000,0x00000000f9c00000,0x00000000fa680000)
 ParOldGen       total 26112K, used 9839K [0x00000000c9e00000, 0x00000000cb780000, 0x00000000edf80000)
  object space 26112K, 37% used [0x00000000c9e00000,0x00000000ca79bf18,0x00000000cb780000)
 Metaspace       used 28485K, capacity 30546K, committed 30720K, reserved 1075200K
  class space    used 3687K, capacity 4070K, committed 4096K, reserved 1048576K
}

