# JRE version: OpenJDK Runtime Environment (8.0_312-b07) (build 1.8.0_312-b07)
# Java VM: OpenJDK 64-Bit Server VM (25.312-b07 mixed mode windows-amd64 compressed oops)
Heap:
 PSYoungGen      total 183296K, used 73646K [0x00000000edf80000, 0x00000000f9e00000, 0x0000000100000000)
  eden space 171520K, 42% used [0x00000000edf80000,0x00000000f276bb90,0x00000000f8700000)
  from space 11776K, 0% used [0x00000000f8700000,0x00000000f8700000,0x00000000f9280000)
  to   space 10240K, 0% used [0x00000000f9400000,0x00000000f9400000,0x00000000f9e00000)
 ParOldGen       total 40448K, used 12549K [0x00000000c9e00000, 0x00000000cc580000, 0x00000000edf80000)
  object space 40448K, 31% used [0x00000000c9e00000,0x00000000caa41710,0x00000000cc580000)
 Metaspace       used 42055K, capacity 44586K, committed 44800K, reserved 1087488K
  class space    used 5645K, capacity 6097K, committed 6144K, reserved 1048576K
GC Heap History (10 events):
Event: 3.985 GC heap before
{Heap before GC invocations=9 (full 1):
 PSYoungGen      total 124416K, used 4198K [0x00000000edf80000, 0x00000000f6180000, 0x0000000100000000)
  eden space 116736K, 0% used [0x00000000edf80000,0x00000000edf80000,0x00000000f5180000)
  from space 7680K, 54% used [0x00000000f5a00000,0x00000000f5e198b0,0x00000000f6180000)
  to   space 8192K, 0% used [0x00000000f5180000,0x00000000f5180000,0x00000000f5980000)
 ParOldGen       total 38400K, used 8583K [0x00000000c9e00000, 0x00000000cc380000, 0x00000000edf80000)
  object space 38400K, 22% used [0x00000000c9e00000,0x00000000ca661fb0,0x00000000cc380000)
 Metaspace       used 20310K, capacity 21188K, committed 21296K, reserved 1069056K
  class space    used 2523K, capacity 2747K, committed 2816K, reserved 1048576K
Event: 4.026 GC heap after
Heap after GC invocations=9 (full 1):
 PSYoungGen      total 124416K, used 0K [0x00000000edf80000, 0x00000000f6180000, 0x0000000100000000)
  eden space 116736K, 0% used [0x00000000edf80000,0x00000000edf80000,0x00000000f5180000)
  from space 7680K, 0% used [0x00000000f5a00000,0x00000000f5a00000,0x00000000f6180000)
  to   space 8192K, 0% used [0x00000000f5180000,0x00000000f5180000,0x00000000f5980000)
 ParOldGen       total 27648K, used 6237K [0x00000000c9e00000, 0x00000000cb900000, 0x00000000edf80000)
  object space 27648K, 22% used [0x00000000c9e00000,0x00000000ca417468,0x00000000cb900000)
 Metaspace       used 20310K, capacity 21188K, committed 21296K, reserved 1069056K
  class space    used 2523K, capacity 2747K, committed 2816K, reserved 1048576K
}
Event: 7.057 GC heap before
{Heap before GC invocations=10 (full 1):
 PSYoungGen      total 124416K, used 116736K [0x00000000edf80000, 0x00000000f6180000, 0x0000000100000000)
  eden space 116736K, 100% used [0x00000000edf80000,0x00000000f5180000,0x00000000f5180000)
  from space 7680K, 0% used [0x00000000f5a00000,0x00000000f5a00000,0x00000000f6180000)
  to   space 8192K, 0% used [0x00000000f5180000,0x00000000f5180000,0x00000000f5980000)
 ParOldGen       total 27648K, used 6237K [0x00000000c9e00000, 0x00000000cb900000, 0x00000000edf80000)
  object space 27648K, 22% used [0x00000000c9e00000,0x00000000ca417468,0x00000000cb900000)
 Metaspace       used 28451K, capacity 30470K, committed 30720K, reserved 1075200K
  class space    used 3686K, capacity 4070K, committed 4096K, reserved 1048576K
Event: 7.108 GC heap after
Heap after GC invocations=10 (full 1):
 PSYoungGen      total 124928K, used 8168K [0x00000000edf80000, 0x00000000f9e80000, 0x0000000100000000)
  eden space 116736K, 0% used [0x00000000edf80000,0x00000000edf80000,0x00000000f5180000)
  from space 8192K, 99% used [0x00000000f5180000,0x00000000f597a1e8,0x00000000f5980000)
  to   space 10752K, 0% used [0x00000000f9400000,0x00000000f9400000,0x00000000f9e80000)
 ParOldGen       total 27648K, used 9747K [0x00000000c9e00000, 0x00000000cb900000, 0x00000000edf80000)
  object space 27648K, 35% used [0x00000000c9e00000,0x00000000ca784d30,0x00000000cb900000)
 Metaspace       used 28451K, capacity 30470K, committed 30720K, reserved 1075200K
  class space    used 3686K, capacity 4070K, committed 4096K, reserved 1048576K
}
Event: 10.182 GC heap before
{Heap before GC invocations=11 (full 1):
 PSYoungGen      total 124928K, used 124904K [0x00000000edf80000, 0x00000000f9e80000, 0x0000000100000000)
  eden space 116736K, 100% used [0x00000000edf80000,0x00000000f5180000,0x00000000f5180000)
  from space 8192K, 99% used [0x00000000f5180000,0x00000000f597a1e8,0x00000000f5980000)
  to   space 10752K, 0% used [0x00000000f9400000,0x00000000f9400000,0x00000000f9e80000)
 ParOldGen       total 27648K, used 9747K [0x00000000c9e00000, 0x00000000cb900000, 0x00000000edf80000)
  object space 27648K, 35% used [0x00000000c9e00000,0x00000000ca784d30,0x00000000cb900000)
 Metaspace       used 31466K, capacity 33720K, committed 34048K, reserved 1079296K
  class space    used 4112K, capacity 4485K, committed 4608K, reserved 1048576K
Event: 10.210 GC heap after
Heap after GC invocations=11 (full 1):
 PSYoungGen      total 181760K, used 8639K [0x00000000edf80000, 0x00000000f9e00000, 0x0000000100000000)
  eden space 171520K, 0% used [0x00000000edf80000,0x00000000edf80000,0x00000000f8700000)
  from space 10240K, 84% used [0x00000000f9400000,0x00000000f9c6fd00,0x00000000f9e00000)
  to   space 11776K, 0% used [0x00000000f8700000,0x00000000f8700000,0x00000000f9280000)
 ParOldGen       total 27648K, used 9755K [0x00000000c9e00000, 0x00000000cb900000, 0x00000000edf80000)
  object space 27648K, 35% used [0x00000000c9e00000,0x00000000ca786d30,0x00000000cb900000)
 Metaspace       used 31466K, capacity 33720K, committed 34048K, reserved 1079296K
  class space    used 4112K, capacity 4485K, committed 4608K, reserved 1048576K
}
Event: 10.616 GC heap before
{Heap before GC invocations=12 (full 1):
 PSYoungGen      total 181760K, used 28020K [0x00000000edf80000, 0x00000000f9e00000, 0x0000000100000000)
  eden space 171520K, 11% used [0x00000000edf80000,0x00000000ef26d500,0x00000000f8700000)
  from space 10240K, 84% used [0x00000000f9400000,0x00000000f9c6fd00,0x00000000f9e00000)
  to   space 11776K, 0% used [0x00000000f8700000,0x00000000f8700000,0x00000000f9280000)
 ParOldGen       total 27648K, used 9755K [0x00000000c9e00000, 0x00000000cb900000, 0x00000000edf80000)
  object space 27648K, 35% used [0x00000000c9e00000,0x00000000ca786d30,0x00000000cb900000)
 Metaspace       used 33152K, capacity 35350K, committed 35456K, reserved 1079296K
  class space    used 4315K, capacity 4682K, committed 4736K, reserved 1048576K
Event: 10.628 GC heap after
Heap after GC invocations=12 (full 1):
 PSYoungGen      total 183296K, used 1648K [0x00000000edf80000, 0x00000000f9e00000, 0x0000000100000000)
  eden space 171520K, 0% used [0x00000000edf80000,0x00000000edf80000,0x00000000f8700000)
  from space 11776K, 13% used [0x00000000f8700000,0x00000000f889c268,0x00000000f9280000)
  to   space 10240K, 0% used [0x00000000f9400000,0x00000000f9400000,0x00000000f9e00000)
 ParOldGen       total 27648K, used 16104K [0x00000000c9e00000, 0x00000000cb900000, 0x00000000edf80000)
  object space 27648K, 58% used [0x00000000c9e00000,0x00000000cadba0e0,0x00000000cb900000)
 Metaspace       used 33152K, capacity 35350K, committed 35456K, reserved 1079296K
  class space    used 4315K, capacity 4682K, committed 4736K, reserved 1048576K
}
Event: 10.628 GC heap before
{Heap before GC invocations=13 (full 2):
 PSYoungGen      total 183296K, used 1648K [0x00000000edf80000, 0x00000000f9e00000, 0x0000000100000000)
  eden space 171520K, 0% used [0x00000000edf80000,0x00000000edf80000,0x00000000f8700000)
  from space 11776K, 13% used [0x00000000f8700000,0x00000000f889c268,0x00000000f9280000)
  to   space 10240K, 0% used [0x00000000f9400000,0x00000000f9400000,0x00000000f9e00000)
 ParOldGen       total 27648K, used 16104K [0x00000000c9e00000, 0x00000000cb900000, 0x00000000edf80000)
  object space 27648K, 58% used [0x00000000c9e00000,0x00000000cadba0e0,0x00000000cb900000)
 Metaspace       used 33152K, capacity 35350K, committed 35456K, reserved 1079296K
  class space    used 4315K, capacity 4682K, committed 4736K, reserved 1048576K
Event: 10.698 GC heap after
Heap after GC invocations=13 (full 2):
 PSYoungGen      total 183296K, used 0K [0x00000000edf80000, 0x00000000f9e00000, 0x0000000100000000)
  eden space 171520K, 0% used [0x00000000edf80000,0x00000000edf80000,0x00000000f8700000)
  from space 11776K, 0% used [0x00000000f8700000,0x00000000f8700000,0x00000000f9280000)
  to   space 10240K, 0% used [0x00000000f9400000,0x00000000f9400000,0x00000000f9e00000)
 ParOldGen       total 40448K, used 12549K [0x00000000c9e00000, 0x00000000cc580000, 0x00000000edf80000)
  object space 40448K, 31% used [0x00000000c9e00000,0x00000000caa41710,0x00000000cc580000)
 Metaspace       used 33152K, capacity 35350K, committed 35456K, reserved 1079296K
  class space    used 4315K, capacity 4682K, committed 4736K, reserved 1048576K
}

